Performing C++ SOURCE FILE Test LIBLZMA_FOUND failed with the following output:
Change Dir: /mnt/c/Users/felix/OneDrive/Documents/GitHub/OpenTTD/build/CMakeFiles/CMakeTmp

Run Build Command(s):/usr/bin/gmake -f Makefile cmTC_9202f/fast && /usr/bin/gmake  -f CMakeFiles/cmTC_9202f.dir/build.make CMakeFiles/cmTC_9202f.dir/build
gmake[1]: Entering directory '/mnt/c/Users/felix/OneDrive/Documents/GitHub/OpenTTD/build/CMakeFiles/CMakeTmp'
Building CXX object CMakeFiles/cmTC_9202f.dir/src.cxx.o
/emsdk/upstream/emscripten/em++ -DLIBLZMA_FOUND  -sUSE_LIBLZMA=1 -std=c++17 -MD -MT CMakeFiles/cmTC_9202f.dir/src.cxx.o -MF CMakeFiles/cmTC_9202f.dir/src.cxx.o.d -o CMakeFiles/cmTC_9202f.dir/src.cxx.o -c /mnt/c/Users/felix/OneDrive/Documents/GitHub/OpenTTD/build/CMakeFiles/CMakeTmp/src.cxx
em++: error: Attempt to set a non-existent setting: 'USE_LIBLZMA'
 - did you mean one of USE_ZLIB, USE_SDL_IMAGE, USE_LIBPNG?
 - perhaps a typo in emcc's  -sX=Y  notation?
 - (see src/settings.js for valid values)
gmake[1]: *** [CMakeFiles/cmTC_9202f.dir/build.make:79: CMakeFiles/cmTC_9202f.dir/src.cxx.o] Error 1
gmake[1]: Leaving directory '/mnt/c/Users/felix/OneDrive/Documents/GitHub/OpenTTD/build/CMakeFiles/CMakeTmp'
gmake: *** [Makefile:127: cmTC_9202f/fast] Error 2


Source file was:

    #include <lzma.h>
    int main() { return 0; }
Performing C++ SOURCE FILE Test SSE_FOUND failed with the following output:
Change Dir: /mnt/c/Users/felix/OneDrive/Documents/GitHub/OpenTTD/build/CMakeFiles/CMakeTmp

Run Build Command(s):/usr/bin/gmake -f Makefile cmTC_e600d/fast && /usr/bin/gmake  -f CMakeFiles/cmTC_e600d.dir/build.make CMakeFiles/cmTC_e600d.dir/build
gmake[1]: Entering directory '/mnt/c/Users/felix/OneDrive/Documents/GitHub/OpenTTD/build/CMakeFiles/CMakeTmp'
Building CXX object CMakeFiles/cmTC_e600d.dir/src.cxx.o
/emsdk/upstream/emscripten/em++ -DSSE_FOUND  -msse4.1 -std=c++17 -MD -MT CMakeFiles/cmTC_e600d.dir/src.cxx.o -MF CMakeFiles/cmTC_e600d.dir/src.cxx.o.d -o CMakeFiles/cmTC_e600d.dir/src.cxx.o -c /mnt/c/Users/felix/OneDrive/Documents/GitHub/OpenTTD/build/CMakeFiles/CMakeTmp/src.cxx
em++: error: passing any of -msse, -msse2, -msse3, -mssse3, -msse4.1, -msse4.2, -msse4, -mavx, -mfpu=neon flags also requires passing -msimd128 (or -mrelaxed-simd)!
gmake[1]: *** [CMakeFiles/cmTC_e600d.dir/build.make:79: CMakeFiles/cmTC_e600d.dir/src.cxx.o] Error 1
gmake[1]: Leaving directory '/mnt/c/Users/felix/OneDrive/Documents/GitHub/OpenTTD/build/CMakeFiles/CMakeTmp'
gmake: *** [Makefile:127: cmTC_e600d/fast] Error 2


Source file was:

    #include <xmmintrin.h>
    #include <smmintrin.h>
    #include <tmmintrin.h>
    int main() { return 0; }
Performing C++ SOURCE FILE Test XAUDIO2_FOUND failed with the following output:
Change Dir: /mnt/c/Users/felix/OneDrive/Documents/GitHub/OpenTTD/build/CMakeFiles/CMakeTmp

Run Build Command(s):/usr/bin/gmake -f Makefile cmTC_8cfcf/fast && /usr/bin/gmake  -f CMakeFiles/cmTC_8cfcf.dir/build.make CMakeFiles/cmTC_8cfcf.dir/build
gmake[1]: Entering directory '/mnt/c/Users/felix/OneDrive/Documents/GitHub/OpenTTD/build/CMakeFiles/CMakeTmp'
Building CXX object CMakeFiles/cmTC_8cfcf.dir/src.cxx.o
/emsdk/upstream/emscripten/em++ -DXAUDIO2_FOUND  -std=c++17 -MD -MT CMakeFiles/cmTC_8cfcf.dir/src.cxx.o -MF CMakeFiles/cmTC_8cfcf.dir/src.cxx.o.d -o CMakeFiles/cmTC_8cfcf.dir/src.cxx.o -c /mnt/c/Users/felix/OneDrive/Documents/GitHub/OpenTTD/build/CMakeFiles/CMakeTmp/src.cxx
/mnt/c/Users/felix/OneDrive/Documents/GitHub/OpenTTD/build/CMakeFiles/CMakeTmp/src.cxx:3:14: fatal error: 'windows.h' file not found
    3 |     #include <windows.h>
      |              ^~~~~~~~~~~
1 error generated.
gmake[1]: *** [CMakeFiles/cmTC_8cfcf.dir/build.make:79: CMakeFiles/cmTC_8cfcf.dir/src.cxx.o] Error 1
gmake[1]: Leaving directory '/mnt/c/Users/felix/OneDrive/Documents/GitHub/OpenTTD/build/CMakeFiles/CMakeTmp'
gmake: *** [Makefile:127: cmTC_8cfcf/fast] Error 2


Source file was:

    #include <cstdio>
    #include <windows.h>

    #undef NTDDI_VERSION
    #undef _WIN32_WINNT

    #define NTDDI_VERSION    NTDDI_WIN8
    #define _WIN32_WINNT     _WIN32_WINNT_WIN8

    #include <xaudio2.h>
    int main() { printf("%s\n", XAUDIO2_DLL_A); return 0; }
